gpasm-0.13.7 beta               debug.asm   11-9-2012  21:20:54          PAGE  1


LOC  OBJECT CODE     LINE SOURCE TEXT
  VALUE
 
               00001 ;--------------------------------------------------------
               00002 ; File Created by SDCC : free open source ANSI-C Compiler
               00003 ; Version 2.9.0 #5416 (Feb  3 2010) (UNIX)
               00004 ; This file was generated Fri Nov  9 21:20:54 2012
               00005 ;--------------------------------------------------------
               00006 ; PIC16 port for the Microchip 16-bit core micros
               00007 ;--------------------------------------------------------
               00008         list    p=18f8520
               00009 
               00010         radix dec
               00011 
               00012 ;--------------------------------------------------------
               00013 ; public variables in this module
               00014 ;--------------------------------------------------------
               00015         global _debug_stack_report
               00016         global _debug_hex_dump
               00017         global _debug_spi_buff_dump
               00018         global _debug_stack_paint
               00019 
               00020 ;--------------------------------------------------------
               00021 ; extern variables in this module
               00022 ;--------------------------------------------------------
               00023         extern __gptrget1
               00024         extern _stdin
               00025         extern _stdout
               00026         extern _RCSTA2bits
               00027         extern _TXSTA2bits
               00028         extern _CCP5CONbits
               00029         extern _CCP4CONbits
               00030         extern _T4CONbits
               00031         extern _PORTAbits
               00032         extern _PORTBbits
               00033         extern _PORTCbits
               00034         extern _PORTDbits
               00035         extern _PORTEbits
               00036         extern _PORTFbits
               00037         extern _PORTGbits
               00038         extern _PORTHbits
               00039         extern _PORTJbits
               00040         extern _LATAbits
               00041         extern _LATBbits
               00042         extern _LATCbits
               00043         extern _LATDbits
               00044         extern _LATEbits
               00045         extern _LATFbits
               00046         extern _LATGbits
               00047         extern _LATHbits
               00048         extern _LATJbits
               00049         extern _TRISAbits
               00050         extern _TRISBbits
               00051         extern _TRISCbits
               00052         extern _TRISDbits
               00053         extern _TRISEbits
               00054         extern _TRISFbits
gpasm-0.13.7 beta               debug.asm   11-9-2012  21:20:54          PAGE  2


LOC  OBJECT CODE     LINE SOURCE TEXT
  VALUE
 
               00055         extern _TRISGbits
               00056         extern _TRISHbits
               00057         extern _TRISJbits
               00058         extern _MEMCONbits
               00059         extern _PIE1bits
               00060         extern _PIR1bits
               00061         extern _IPR1bits
               00062         extern _PIE2bits
               00063         extern _PIR2bits
               00064         extern _IPR2bits
               00065         extern _PIE3bits
               00066         extern _PIR3bits
               00067         extern _IPR3bits
               00068         extern _EECON1bits
               00069         extern _RCSTA1bits
               00070         extern _TXSTA1bits
               00071         extern _RCSTAbits
               00072         extern _TXSTAbits
               00073         extern _PSPCONbits
               00074         extern _T3CONbits
               00075         extern _CMCONbits
               00076         extern _CVRCONbits
               00077         extern _CCP3CONbits
               00078         extern _CCP2CONbits
               00079         extern _CCP1CONbits
               00080         extern _ADCON2bits
               00081         extern _ADCON1bits
               00082         extern _ADCON0bits
               00083         extern _SSPCON2bits
               00084         extern _SSPCON1bits
               00085         extern _SSPSTATbits
               00086         extern _T2CONbits
               00087         extern _T1CONbits
               00088         extern _RCONbits
               00089         extern _WDTCONbits
               00090         extern _LVDCONbits
               00091         extern _OSCCONbits
               00092         extern _STATUSbits
               00093         extern _INTCON3bits
               00094         extern _INTCON2bits
               00095         extern _INTCONbits
               00096         extern _STKPTRbits
               00097         extern _RCSTA2
               00098         extern _TXSTA2
               00099         extern _TXREG2
               00100         extern _RCREG2
               00101         extern _SPBRG2
               00102         extern _CCP5CON
               00103         extern _CCPR5L
               00104         extern _CCPR5H
               00105         extern _CCP4CON
               00106         extern _CCPR4L
               00107         extern _CCPR4H
               00108         extern _T4CON
gpasm-0.13.7 beta               debug.asm   11-9-2012  21:20:54          PAGE  3


LOC  OBJECT CODE     LINE SOURCE TEXT
  VALUE
 
               00109         extern _PR4
               00110         extern _TMR4
               00111         extern _PORTA
               00112         extern _PORTB
               00113         extern _PORTC
               00114         extern _PORTD
               00115         extern _PORTE
               00116         extern _PORTF
               00117         extern _PORTG
               00118         extern _PORTH
               00119         extern _PORTJ
               00120         extern _LATA
               00121         extern _LATB
               00122         extern _LATC
               00123         extern _LATD
               00124         extern _LATE
               00125         extern _LATF
               00126         extern _LATG
               00127         extern _LATH
               00128         extern _LATJ
               00129         extern _TRISA
               00130         extern _TRISB
               00131         extern _TRISC
               00132         extern _TRISD
               00133         extern _TRISE
               00134         extern _TRISF
               00135         extern _TRISG
               00136         extern _TRISH
               00137         extern _TRISJ
               00138         extern _MEMCON
               00139         extern _PIE1
               00140         extern _PIR1
               00141         extern _IPR1
               00142         extern _PIE2
               00143         extern _PIR2
               00144         extern _IPR2
               00145         extern _PIE3
               00146         extern _PIR3
               00147         extern _IPR3
               00148         extern _EECON1
               00149         extern _EECON2
               00150         extern _EEDATA
               00151         extern _EEADR
               00152         extern _EEADRH
               00153         extern _RCSTA1
               00154         extern _TXSTA1
               00155         extern _TXREG1
               00156         extern _RCREG1
               00157         extern _SPBRG1
               00158         extern _RCSTA
               00159         extern _TXSTA
               00160         extern _TXREG
               00161         extern _RCREG
               00162         extern _SPBRG
gpasm-0.13.7 beta               debug.asm   11-9-2012  21:20:54          PAGE  4


LOC  OBJECT CODE     LINE SOURCE TEXT
  VALUE
 
               00163         extern _PSPCON
               00164         extern _T3CON
               00165         extern _TMR3L
               00166         extern _TMR3H
               00167         extern _CMCON
               00168         extern _CVRCON
               00169         extern _CCP3CON
               00170         extern _CCPR3L
               00171         extern _CCPR3H
               00172         extern _CCP2CON
               00173         extern _CCPR2L
               00174         extern _CCPR2H
               00175         extern _CCP1CON
               00176         extern _CCPR1L
               00177         extern _CCPR1H
               00178         extern _ADCON2
               00179         extern _ADCON1
               00180         extern _ADCON0
               00181         extern _ADRESL
               00182         extern _ADRESH
               00183         extern _SSPCON2
               00184         extern _SSPCON1
               00185         extern _SSPSTAT
               00186         extern _SSPADD
               00187         extern _SSPBUF
               00188         extern _T2CON
               00189         extern _PR2
               00190         extern _TMR2
               00191         extern _T1CON
               00192         extern _TMR1L
               00193         extern _TMR1H
               00194         extern _RCON
               00195         extern _WDTCON
               00196         extern _LVDCON
               00197         extern _OSCCON
               00198         extern _T0CON
               00199         extern _TMR0L
               00200         extern _TMR0H
               00201         extern _STATUS
               00202         extern _FSR2L
               00203         extern _FSR2H
               00204         extern _PLUSW2
               00205         extern _PREINC2
               00206         extern _POSTDEC2
               00207         extern _POSTINC2
               00208         extern _INDF2
               00209         extern _BSR
               00210         extern _FSR1L
               00211         extern _FSR1H
               00212         extern _PLUSW1
               00213         extern _PREINC1
               00214         extern _POSTDEC1
               00215         extern _POSTINC1
               00216         extern _INDF1
gpasm-0.13.7 beta               debug.asm   11-9-2012  21:20:54          PAGE  5


LOC  OBJECT CODE     LINE SOURCE TEXT
  VALUE
 
               00217         extern _WREG
               00218         extern _FSR0L
               00219         extern _FSR0H
               00220         extern _PLUSW0
               00221         extern _PREINC0
               00222         extern _POSTDEC0
               00223         extern _POSTINC0
               00224         extern _INDF0
               00225         extern _INTCON3
               00226         extern _INTCON2
               00227         extern _INTCON
               00228         extern _PRODL
               00229         extern _PRODH
               00230         extern _TABLAT
               00231         extern _TBLPTRL
               00232         extern _TBLPTRH
               00233         extern _TBLPTRU
               00234         extern _PCL
               00235         extern _PCLATH
               00236         extern _PCLATU
               00237         extern _STKPTR
               00238         extern _TOSL
               00239         extern _TOSH
               00240         extern _TOSU
               00241         extern _printf
               00242 ;--------------------------------------------------------
               00243 ;       Equates to used internal registers
               00244 ;--------------------------------------------------------
  00000FD8     00245 STATUS  equ     0xfd8
  00000FE8     00246 WREG    equ     0xfe8
  00000FE9     00247 FSR0L   equ     0xfe9
  00000FEA     00248 FSR0H   equ     0xfea
  00000FE1     00249 FSR1L   equ     0xfe1
  00000FD9     00250 FSR2L   equ     0xfd9
  00000FEF     00251 INDF0   equ     0xfef
  00000FEE     00252 POSTINC0        equ     0xfee
  00000FE5     00253 POSTDEC1        equ     0xfe5
  00000FE4     00254 PREINC1 equ     0xfe4
  00000FDB     00255 PLUSW2  equ     0xfdb
  00000FF3     00256 PRODL   equ     0xff3
               00257 
               00258 
               00259 ; Internal registers
               00260 .registers      udata_ovr       0x0000
               00261 r0x00   res     1
               00262 r0x01   res     1
               00263 r0x02   res     1
               00264 r0x03   res     1
               00265 r0x04   res     1
               00266 r0x05   res     1
               00267 r0x06   res     1
               00268 r0x07   res     1
               00269 r0x08   res     1
               00270 r0x09   res     1
gpasm-0.13.7 beta               debug.asm   11-9-2012  21:20:54          PAGE  6


LOC  OBJECT CODE     LINE SOURCE TEXT
  VALUE
 
               00271 r0x0a   res     1
               00272 r0x0b   res     1
               00273 r0x0c   res     1
               00274 r0x0d   res     1
               00275 r0x0e   res     1
               00276 r0x0f   res     1
               00277 r0x10   res     1
               00278 r0x11   res     1
               00279 r0x12   res     1
               00280 r0x13   res     1
               00281 r0x14   res     1
               00282 r0x15   res     1
               00283 r0x16   res     1
               00284 r0x17   res     1
               00285 
               00286 ;--------------------------------------------------------
               00287 ; global & static initialisations
               00288 ;--------------------------------------------------------
               00289 ; I code from now on!
               00290 ; ; Starting pCode block
               00291 S_debug__debug_spi_buff_dump    code
0000 00292 _debug_spi_buff_dump:
               00293 ;       .line   121; debug.c    void    debug_spi_buff_dump(unsigned char *ptr)
0000 CFD9 FFE5 00294         MOVFF   FSR2L, POSTDEC1
0004 CFE1 FFD9 00295         MOVFF   FSR1L, FSR2L
0008 C000 FFE5 00296         MOVFF   r0x00, POSTDEC1
000C C000 FFE5 00297         MOVFF   r0x01, POSTDEC1
0010 C000 FFE5 00298         MOVFF   r0x02, POSTDEC1
0014 C000 FFE5 00299         MOVFF   r0x03, POSTDEC1
0018 C000 FFE5 00300         MOVFF   r0x04, POSTDEC1
001C C000 FFE5 00301         MOVFF   r0x05, POSTDEC1
0020 C000 FFE5 00302         MOVFF   r0x06, POSTDEC1
0024 C000 FFE5 00303         MOVFF   r0x07, POSTDEC1
0028 C000 FFE5 00304         MOVFF   r0x08, POSTDEC1
002C C000 FFE5 00305         MOVFF   r0x09, POSTDEC1
0030 C000 FFE5 00306         MOVFF   r0x0a, POSTDEC1
0034 C000 FFE5 00307         MOVFF   r0x0b, POSTDEC1
0038 C000 FFE5 00308         MOVFF   r0x0c, POSTDEC1
003C C000 FFE5 00309         MOVFF   r0x0d, POSTDEC1
0040 C000 FFE5 00310         MOVFF   r0x0e, POSTDEC1
0044 C000 FFE5 00311         MOVFF   r0x0f, POSTDEC1
0048 C000 FFE5 00312         MOVFF   r0x10, POSTDEC1
004C C000 FFE5 00313         MOVFF   r0x11, POSTDEC1
0050 C000 FFE5 00314         MOVFF   r0x12, POSTDEC1
0054 C000 FFE5 00315         MOVFF   r0x13, POSTDEC1
0058 C000 FFE5 00316         MOVFF   r0x14, POSTDEC1
005C C000 FFE5 00317         MOVFF   r0x15, POSTDEC1
0060 C000 FFE5 00318         MOVFF   r0x16, POSTDEC1
0064 C000 FFE5 00319         MOVFF   r0x17, POSTDEC1
0068 0E02      00320         MOVLW   0x02
006A CFDB F000 00321         MOVFF   PLUSW2, r0x00
006E 0E03      00322         MOVLW   0x03
0070 CFDB F000 00323         MOVFF   PLUSW2, r0x01
0074 0E04      00324         MOVLW   0x04
gpasm-0.13.7 beta               debug.asm   11-9-2012  21:20:54          PAGE  7


LOC  OBJECT CODE     LINE SOURCE TEXT
  VALUE
 
0076 CFDB F000 00325         MOVFF   PLUSW2, r0x02
               00326 ;       .line   126; debug.c    for (ii = 0; ii < 4; ii++) {
007A 6A00      00327         CLRF    r0x03
007C 6A00      00328         CLRF    r0x04
007E 6A00      00329         CLRF    r0x05
0080 6A00      00330         CLRF    r0x06
0082 00331 _00151_DS_:
0082 5000      00332         MOVF    r0x04, W
0084 0F80      00333         ADDLW   0x80
0086 0F80      00334         ADDLW   0x80
0088 E100      00335         BNZ     _00160_DS_
008A 0E04      00336         MOVLW   0x04
008C 5C00      00337         SUBWF   r0x03, W
008E 00338 _00160_DS_:
008E B0D8      00339         BTFSC   STATUS, 0
0090 D000      00340         BRA     _00154_DS_
               00341 ;       .line   127; debug.c    DPRINTF("%d: %x %x %x %x %x %x %x %x\n", 8*ii,
0092 5000      00342         MOVF    r0x05, W
0094 0F07      00343         ADDLW   0x07
0096 6E00      00344         MOVWF   r0x07
0098 0E00      00345         MOVLW   0x00
009A 2000      00346         ADDWFC  r0x06, W
009C 6E00      00347         MOVWF   r0x08
009E 6A00      00348         CLRF    r0x09
00A0 BE00      00349         BTFSC   r0x08, 7
00A2 6800      00350         SETF    r0x09
00A4 5000      00351         MOVF    r0x00, W
00A6 2600      00352         ADDWF   r0x07, F
00A8 5000      00353         MOVF    r0x01, W
00AA 2200      00354         ADDWFC  r0x08, F
00AC 5000      00355         MOVF    r0x02, W
00AE 2200      00356         ADDWFC  r0x09, F
00B0 C000 FFE9 00357         MOVFF   r0x07, FSR0L
00B4 C000 FFF3 00358         MOVFF   r0x08, PRODL
00B8 5000      00359         MOVF    r0x09, W
00BA EC00 F000 00360         CALL    __gptrget1
00BE 6E00      00361         MOVWF   r0x07
00C0 6A00      00362         CLRF    r0x08
00C2 5000      00363         MOVF    r0x05, W
00C4 0F06      00364         ADDLW   0x06
00C6 6E00      00365         MOVWF   r0x09
00C8 0E00      00366         MOVLW   0x00
00CA 2000      00367         ADDWFC  r0x06, W
00CC 6E00      00368         MOVWF   r0x0a
00CE 6A00      00369         CLRF    r0x0b
00D0 BE00      00370         BTFSC   r0x0a, 7
00D2 6800      00371         SETF    r0x0b
00D4 5000      00372         MOVF    r0x00, W
00D6 2600      00373         ADDWF   r0x09, F
00D8 5000      00374         MOVF    r0x01, W
00DA 2200      00375         ADDWFC  r0x0a, F
00DC 5000      00376         MOVF    r0x02, W
00DE 2200      00377         ADDWFC  r0x0b, F
00E0 C000 FFE9 00378         MOVFF   r0x09, FSR0L
gpasm-0.13.7 beta               debug.asm   11-9-2012  21:20:54          PAGE  8


LOC  OBJECT CODE     LINE SOURCE TEXT
  VALUE
 
00E4 C000 FFF3 00379         MOVFF   r0x0a, PRODL
00E8 5000      00380         MOVF    r0x0b, W
00EA EC00 F000 00381         CALL    __gptrget1
00EE 6E00      00382         MOVWF   r0x09
00F0 6A00      00383         CLRF    r0x0a
00F2 5000      00384         MOVF    r0x05, W
00F4 0F05      00385         ADDLW   0x05
00F6 6E00      00386         MOVWF   r0x0b
00F8 0E00      00387         MOVLW   0x00
00FA 2000      00388         ADDWFC  r0x06, W
00FC 6E00      00389         MOVWF   r0x0c
00FE 6A00      00390         CLRF    r0x0d
0100 BE00      00391         BTFSC   r0x0c, 7
0102 6800      00392         SETF    r0x0d
0104 5000      00393         MOVF    r0x00, W
0106 2600      00394         ADDWF   r0x0b, F
0108 5000      00395         MOVF    r0x01, W
010A 2200      00396         ADDWFC  r0x0c, F
010C 5000      00397         MOVF    r0x02, W
010E 2200      00398         ADDWFC  r0x0d, F
0110 C000 FFE9 00399         MOVFF   r0x0b, FSR0L
0114 C000 FFF3 00400         MOVFF   r0x0c, PRODL
0118 5000      00401         MOVF    r0x0d, W
011A EC00 F000 00402         CALL    __gptrget1
011E 6E00      00403         MOVWF   r0x0b
0120 6A00      00404         CLRF    r0x0c
0122 5000      00405         MOVF    r0x05, W
0124 0F04      00406         ADDLW   0x04
0126 6E00      00407         MOVWF   r0x0d
0128 0E00      00408         MOVLW   0x00
012A 2000      00409         ADDWFC  r0x06, W
012C 6E00      00410         MOVWF   r0x0e
012E 6A00      00411         CLRF    r0x0f
0130 BE00      00412         BTFSC   r0x0e, 7
0132 6800      00413         SETF    r0x0f
0134 5000      00414         MOVF    r0x00, W
0136 2600      00415         ADDWF   r0x0d, F
0138 5000      00416         MOVF    r0x01, W
013A 2200      00417         ADDWFC  r0x0e, F
013C 5000      00418         MOVF    r0x02, W
013E 2200      00419         ADDWFC  r0x0f, F
0140 C000 FFE9 00420         MOVFF   r0x0d, FSR0L
0144 C000 FFF3 00421         MOVFF   r0x0e, PRODL
0148 5000      00422         MOVF    r0x0f, W
014A EC00 F000 00423         CALL    __gptrget1
014E 6E00      00424         MOVWF   r0x0d
0150 6A00      00425         CLRF    r0x0e
0152 5000      00426         MOVF    r0x05, W
0154 0F03      00427         ADDLW   0x03
0156 6E00      00428         MOVWF   r0x0f
0158 0E00      00429         MOVLW   0x00
015A 2000      00430         ADDWFC  r0x06, W
015C 6E00      00431         MOVWF   r0x10
015E 6A00      00432         CLRF    r0x11
gpasm-0.13.7 beta               debug.asm   11-9-2012  21:20:54          PAGE  9


LOC  OBJECT CODE     LINE SOURCE TEXT
  VALUE
 
0160 BE00      00433         BTFSC   r0x10, 7
0162 6800      00434         SETF    r0x11
0164 5000      00435         MOVF    r0x00, W
0166 2600      00436         ADDWF   r0x0f, F
0168 5000      00437         MOVF    r0x01, W
016A 2200      00438         ADDWFC  r0x10, F
016C 5000      00439         MOVF    r0x02, W
016E 2200      00440         ADDWFC  r0x11, F
0170 C000 FFE9 00441         MOVFF   r0x0f, FSR0L
0174 C000 FFF3 00442         MOVFF   r0x10, PRODL
0178 5000      00443         MOVF    r0x11, W
017A EC00 F000 00444         CALL    __gptrget1
017E 6E00      00445         MOVWF   r0x0f
0180 6A00      00446         CLRF    r0x10
0182 5000      00447         MOVF    r0x05, W
0184 0F02      00448         ADDLW   0x02
0186 6E00      00449         MOVWF   r0x11
0188 0E00      00450         MOVLW   0x00
018A 2000      00451         ADDWFC  r0x06, W
018C 6E00      00452         MOVWF   r0x12
018E 6A00      00453         CLRF    r0x13
0190 BE00      00454         BTFSC   r0x12, 7
0192 6800      00455         SETF    r0x13
0194 5000      00456         MOVF    r0x00, W
0196 2600      00457         ADDWF   r0x11, F
0198 5000      00458         MOVF    r0x01, W
019A 2200      00459         ADDWFC  r0x12, F
019C 5000      00460         MOVF    r0x02, W
019E 2200      00461         ADDWFC  r0x13, F
01A0 C000 FFE9 00462         MOVFF   r0x11, FSR0L
01A4 C000 FFF3 00463         MOVFF   r0x12, PRODL
01A8 5000      00464         MOVF    r0x13, W
01AA EC00 F000 00465         CALL    __gptrget1
01AE 6E00      00466         MOVWF   r0x11
01B0 6A00      00467         CLRF    r0x12
01B2 5000      00468         MOVF    r0x05, W
01B4 0F01      00469         ADDLW   0x01
01B6 6E00      00470         MOVWF   r0x13
01B8 0E00      00471         MOVLW   0x00
01BA 2000      00472         ADDWFC  r0x06, W
01BC 6E00      00473         MOVWF   r0x14
01BE 6A00      00474         CLRF    r0x15
01C0 BE00      00475         BTFSC   r0x14, 7
01C2 6800      00476         SETF    r0x15
01C4 5000      00477         MOVF    r0x00, W
01C6 2600      00478         ADDWF   r0x13, F
01C8 5000      00479         MOVF    r0x01, W
01CA 2200      00480         ADDWFC  r0x14, F
01CC 5000      00481         MOVF    r0x02, W
01CE 2200      00482         ADDWFC  r0x15, F
01D0 C000 FFE9 00483         MOVFF   r0x13, FSR0L
01D4 C000 FFF3 00484         MOVFF   r0x14, PRODL
01D8 5000      00485         MOVF    r0x15, W
01DA EC00 F000 00486         CALL    __gptrget1
gpasm-0.13.7 beta               debug.asm   11-9-2012  21:20:54          PAGE 10


LOC  OBJECT CODE     LINE SOURCE TEXT
  VALUE
 
01DE 6E00      00487         MOVWF   r0x13
01E0 6A00      00488         CLRF    r0x14
01E2 5000      00489         MOVF    r0x05, W
01E4 2400      00490         ADDWF   r0x00, W
01E6 6E00      00491         MOVWF   r0x15
01E8 5000      00492         MOVF    r0x06, W
01EA 2000      00493         ADDWFC  r0x01, W
01EC 6E00      00494         MOVWF   r0x16
01EE 6AE8      00495         CLRF    WREG
01F0 BE00      00496         BTFSC   r0x06, 7
01F2 68E8      00497         SETF    WREG
01F4 2000      00498         ADDWFC  r0x02, W
01F6 6E00      00499         MOVWF   r0x17
01F8 C000 FFE9 00500         MOVFF   r0x15, FSR0L
01FC C000 FFF3 00501         MOVFF   r0x16, PRODL
0200 5000      00502         MOVF    r0x17, W
0202 EC00 F000 00503         CALL    __gptrget1
0206 6E00      00504         MOVWF   r0x15
0208 6A00      00505         CLRF    r0x16
020A 5000      00506         MOVF    r0x08, W
020C 6EE5      00507         MOVWF   POSTDEC1
020E 5000      00508         MOVF    r0x07, W
0210 6EE5      00509         MOVWF   POSTDEC1
0212 5000      00510         MOVF    r0x0a, W
0214 6EE5      00511         MOVWF   POSTDEC1
0216 5000      00512         MOVF    r0x09, W
0218 6EE5      00513         MOVWF   POSTDEC1
021A 5000      00514         MOVF    r0x0c, W
021C 6EE5      00515         MOVWF   POSTDEC1
021E 5000      00516         MOVF    r0x0b, W
0220 6EE5      00517         MOVWF   POSTDEC1
0222 5000      00518         MOVF    r0x0e, W
0224 6EE5      00519         MOVWF   POSTDEC1
0226 5000      00520         MOVF    r0x0d, W
0228 6EE5      00521         MOVWF   POSTDEC1
022A 5000      00522         MOVF    r0x10, W
022C 6EE5      00523         MOVWF   POSTDEC1
022E 5000      00524         MOVF    r0x0f, W
0230 6EE5      00525         MOVWF   POSTDEC1
0232 5000      00526         MOVF    r0x12, W
0234 6EE5      00527         MOVWF   POSTDEC1
0236 5000      00528         MOVF    r0x11, W
0238 6EE5      00529         MOVWF   POSTDEC1
023A 5000      00530         MOVF    r0x14, W
023C 6EE5      00531         MOVWF   POSTDEC1
023E 5000      00532         MOVF    r0x13, W
0240 6EE5      00533         MOVWF   POSTDEC1
0242 5000      00534         MOVF    r0x16, W
0244 6EE5      00535         MOVWF   POSTDEC1
0246 5000      00536         MOVF    r0x15, W
0248 6EE5      00537         MOVWF   POSTDEC1
024A 5000      00538         MOVF    r0x06, W
024C 6EE5      00539         MOVWF   POSTDEC1
024E 5000      00540         MOVF    r0x05, W
gpasm-0.13.7 beta               debug.asm   11-9-2012  21:20:54          PAGE 11


LOC  OBJECT CODE     LINE SOURCE TEXT
  VALUE
 
0250 6EE5      00541         MOVWF   POSTDEC1
0252 0E00      00542         MOVLW   UPPER(__str_4)
0254 6EE5      00543         MOVWF   POSTDEC1
0256 0E00      00544         MOVLW   HIGH(__str_4)
0258 6EE5      00545         MOVWF   POSTDEC1
025A 0E00      00546         MOVLW   LOW(__str_4)
025C 6EE5      00547         MOVWF   POSTDEC1
025E EC00 F000 00548         CALL    _printf
0262 0E15      00549         MOVLW   0x15
0264 26E1      00550         ADDWF   FSR1L, F
               00551 ;       .line   126; debug.c    for (ii = 0; ii < 4; ii++) {
0266 0E08      00552         MOVLW   0x08
0268 2600      00553         ADDWF   r0x05, F
026A B0D8      00554         BTFSC   STATUS, 0
026C 2A00      00555         INCF    r0x06, F
026E 2A00      00556         INCF    r0x03, F
0270 B0D8      00557         BTFSC   STATUS, 0
0272 2A00      00558         INCF    r0x04, F
0274 D000      00559         BRA     _00151_DS_
0276 00560 _00154_DS_:
               00561 ;       .line   138; debug.c    DPRINTF("\n");
0276 0E00      00562         MOVLW   UPPER(__str_3)
0278 6EE5      00563         MOVWF   POSTDEC1
027A 0E00      00564         MOVLW   HIGH(__str_3)
027C 6EE5      00565         MOVWF   POSTDEC1
027E 0E00      00566         MOVLW   LOW(__str_3)
0280 6EE5      00567         MOVWF   POSTDEC1
0282 EC00 F000 00568         CALL    _printf
0286 0E03      00569         MOVLW   0x03
0288 26E1      00570         ADDWF   FSR1L, F
028A CFE4 F000 00571         MOVFF   PREINC1, r0x17
028E CFE4 F000 00572         MOVFF   PREINC1, r0x16
0292 CFE4 F000 00573         MOVFF   PREINC1, r0x15
0296 CFE4 F000 00574         MOVFF   PREINC1, r0x14
029A CFE4 F000 00575         MOVFF   PREINC1, r0x13
029E CFE4 F000 00576         MOVFF   PREINC1, r0x12
02A2 CFE4 F000 00577         MOVFF   PREINC1, r0x11
02A6 CFE4 F000 00578         MOVFF   PREINC1, r0x10
02AA CFE4 F000 00579         MOVFF   PREINC1, r0x0f
02AE CFE4 F000 00580         MOVFF   PREINC1, r0x0e
02B2 CFE4 F000 00581         MOVFF   PREINC1, r0x0d
02B6 CFE4 F000 00582         MOVFF   PREINC1, r0x0c
02BA CFE4 F000 00583         MOVFF   PREINC1, r0x0b
02BE CFE4 F000 00584         MOVFF   PREINC1, r0x0a
02C2 CFE4 F000 00585         MOVFF   PREINC1, r0x09
02C6 CFE4 F000 00586         MOVFF   PREINC1, r0x08
02CA CFE4 F000 00587         MOVFF   PREINC1, r0x07
02CE CFE4 F000 00588         MOVFF   PREINC1, r0x06
02D2 CFE4 F000 00589         MOVFF   PREINC1, r0x05
02D6 CFE4 F000 00590         MOVFF   PREINC1, r0x04
02DA CFE4 F000 00591         MOVFF   PREINC1, r0x03
02DE CFE4 F000 00592         MOVFF   PREINC1, r0x02
02E2 CFE4 F000 00593         MOVFF   PREINC1, r0x01
02E6 CFE4 F000 00594         MOVFF   PREINC1, r0x00
gpasm-0.13.7 beta               debug.asm   11-9-2012  21:20:54          PAGE 12


LOC  OBJECT CODE     LINE SOURCE TEXT
  VALUE
 
02EA CFE4 FFD9 00595         MOVFF   PREINC1, FSR2L
02EE 0012      00596         RETURN  
               00597 
               00598 ; ; Starting pCode block
               00599 S_debug__debug_hex_dump code
0000 00600 _debug_hex_dump:
               00601 ;       .line   106; debug.c    void    debug_hex_dump(unsigned char *address, unsigned int count)
0000 CFD9 FFE5 00602         MOVFF   FSR2L, POSTDEC1
0004 CFE1 FFD9 00603         MOVFF   FSR1L, FSR2L
0008 C000 FFE5 00604         MOVFF   r0x00, POSTDEC1
000C C000 FFE5 00605         MOVFF   r0x01, POSTDEC1
0010 C000 FFE5 00606         MOVFF   r0x02, POSTDEC1
0014 C000 FFE5 00607         MOVFF   r0x03, POSTDEC1
0018 C000 FFE5 00608         MOVFF   r0x04, POSTDEC1
001C C000 FFE5 00609         MOVFF   r0x05, POSTDEC1
0020 C000 FFE5 00610         MOVFF   r0x06, POSTDEC1
0024 0E02      00611         MOVLW   0x02
0026 CFDB F000 00612         MOVFF   PLUSW2, r0x00
002A 0E03      00613         MOVLW   0x03
002C CFDB F000 00614         MOVFF   PLUSW2, r0x01
0030 0E04      00615         MOVLW   0x04
0032 CFDB F000 00616         MOVFF   PLUSW2, r0x02
0036 0E05      00617         MOVLW   0x05
0038 CFDB F000 00618         MOVFF   PLUSW2, r0x03
003C 0E06      00619         MOVLW   0x06
003E CFDB F000 00620         MOVFF   PLUSW2, r0x04
0042 00621 _00143_DS_:
               00622 ;       .line   109; debug.c    while ( count-- )
0042 C000 F000 00623         MOVFF   r0x03, r0x05
0046 C000 F000 00624         MOVFF   r0x04, r0x06
004A 0EFF      00625         MOVLW   0xff
004C 2600      00626         ADDWF   r0x03, F
004E A0D8      00627         BTFSS   STATUS, 0
0050 0600      00628         DECF    r0x04, F
0052 5000      00629         MOVF    r0x05, W
0054 1000      00630         IORWF   r0x06, W
0056 E000      00631         BZ      _00145_DS_
               00632 ;       .line   110; debug.c    printf("%x ", *address++);
0058 C000 FFE9 00633         MOVFF   r0x00, FSR0L
005C C000 FFF3 00634         MOVFF   r0x01, PRODL
0060 5000      00635         MOVF    r0x02, W
0062 EC00 F000 00636         CALL    __gptrget1
0066 6E00      00637         MOVWF   r0x05
0068 2A00      00638         INCF    r0x00, F
006A B0D8      00639         BTFSC   STATUS, 0
006C 2A00      00640         INCF    r0x01, F
006E B0D8      00641         BTFSC   STATUS, 0
0070 2A00      00642         INCF    r0x02, F
0072 6A00      00643         CLRF    r0x06
0074 5000      00644         MOVF    r0x06, W
0076 6EE5      00645         MOVWF   POSTDEC1
0078 5000      00646         MOVF    r0x05, W
007A 6EE5      00647         MOVWF   POSTDEC1
007C 0E00      00648         MOVLW   UPPER(__str_2)
gpasm-0.13.7 beta               debug.asm   11-9-2012  21:20:54          PAGE 13


LOC  OBJECT CODE     LINE SOURCE TEXT
  VALUE
 
007E 6EE5      00649         MOVWF   POSTDEC1
0080 0E00      00650         MOVLW   HIGH(__str_2)
0082 6EE5      00651         MOVWF   POSTDEC1
0084 0E00      00652         MOVLW   LOW(__str_2)
0086 6EE5      00653         MOVWF   POSTDEC1
0088 EC00 F000 00654         CALL    _printf
008C 0E05      00655         MOVLW   0x05
008E 26E1      00656         ADDWF   FSR1L, F
0090 D000      00657         BRA     _00143_DS_
0092 00658 _00145_DS_:
               00659 ;       .line   111; debug.c    printf("\n");
0092 0E00      00660         MOVLW   UPPER(__str_3)
0094 6EE5      00661         MOVWF   POSTDEC1
0096 0E00      00662         MOVLW   HIGH(__str_3)
0098 6EE5      00663         MOVWF   POSTDEC1
009A 0E00      00664         MOVLW   LOW(__str_3)
009C 6EE5      00665         MOVWF   POSTDEC1
009E EC00 F000 00666         CALL    _printf
00A2 0E03      00667         MOVLW   0x03
00A4 26E1      00668         ADDWF   FSR1L, F
00A6 CFE4 F000 00669         MOVFF   PREINC1, r0x06
00AA CFE4 F000 00670         MOVFF   PREINC1, r0x05
00AE CFE4 F000 00671         MOVFF   PREINC1, r0x04
00B2 CFE4 F000 00672         MOVFF   PREINC1, r0x03
00B6 CFE4 F000 00673         MOVFF   PREINC1, r0x02
00BA CFE4 F000 00674         MOVFF   PREINC1, r0x01
00BE CFE4 F000 00675         MOVFF   PREINC1, r0x00
00C2 CFE4 FFD9 00676         MOVFF   PREINC1, FSR2L
00C6 0012      00677         RETURN  
               00678 
               00679 ; ; Starting pCode block
               00680 S_debug__debug_stack_report     code
0000 00681 _debug_stack_report:
               00682 ;       .line   75; debug.c     void    debug_stack_report(void)
0000 CFD9 FFE5 00683         MOVFF   FSR2L, POSTDEC1
0004 CFE1 FFD9 00684         MOVFF   FSR1L, FSR2L
0008 C000 FFE5 00685         MOVFF   r0x00, POSTDEC1
000C C000 FFE5 00686         MOVFF   r0x01, POSTDEC1
0010 C000 FFE5 00687         MOVFF   r0x02, POSTDEC1
0014 C000 FFE5 00688         MOVFF   r0x03, POSTDEC1
0018 C000 FFE5 00689         MOVFF   r0x04, POSTDEC1
001C C000 FFE5 00690         MOVFF   r0x05, POSTDEC1
0020 C000 FFE5 00691         MOVFF   r0x06, POSTDEC1
0024 C000 FFE5 00692         MOVFF   r0x07, POSTDEC1
0028 C000 FFE5 00693         MOVFF   r0x08, POSTDEC1
002C C000 FFE5 00694         MOVFF   r0x09, POSTDEC1
               00695 ;       .line   83; debug.c     if (stack[0] != 0xdeadbeef) {
0030 EE02 F000 00696         LFSR    0x00, 0x200
0034 CFEE F000 00697         MOVFF   POSTINC0, r0x00
0038 CFEE F000 00698         MOVFF   POSTINC0, r0x01
003C CFEE F000 00699         MOVFF   POSTINC0, r0x02
0040 CFEF F000 00700         MOVFF   INDF0, r0x03
0044 5000      00701         MOVF    r0x00, W
0046 0AEF      00702         XORLW   0xef
gpasm-0.13.7 beta               debug.asm   11-9-2012  21:20:54          PAGE 14


LOC  OBJECT CODE     LINE SOURCE TEXT
  VALUE
 
0048 E100      00703         BNZ     _00136_DS_
004A 5000      00704         MOVF    r0x01, W
004C 0ABE      00705         XORLW   0xbe
004E E100      00706         BNZ     _00136_DS_
0050 5000      00707         MOVF    r0x02, W
0052 0AAD      00708         XORLW   0xad
0054 E100      00709         BNZ     _00136_DS_
0056 5000      00710         MOVF    r0x03, W
0058 0ADE      00711         XORLW   0xde
005A E000      00712         BZ      _00133_DS_
005C 00713 _00136_DS_:
               00714 ;       .line   84; debug.c     printf("Stack overflowed\r\n");
005C 0E00      00715         MOVLW   UPPER(__str_0)
005E 6EE5      00716         MOVWF   POSTDEC1
0060 0E00      00717         MOVLW   HIGH(__str_0)
0062 6EE5      00718         MOVWF   POSTDEC1
0064 0E00      00719         MOVLW   LOW(__str_0)
0066 6EE5      00720         MOVWF   POSTDEC1
0068 EC00 F000 00721         CALL    _printf
006C 0E03      00722         MOVLW   0x03
006E 26E1      00723         ADDWF   FSR1L, F
0070 00724 _00120_DS_:
               00725 ;       .line   85; debug.c     while (1)
0070 D000      00726         BRA     _00120_DS_
0072 00727 _00133_DS_:
               00728 ;       .line   89; debug.c     for (ii = 1; stack[ii] == 0xdeadbeef; ii++)
0072 0E01      00729         MOVLW   0x01
0074 6E00      00730         MOVWF   r0x00
0076 6A00      00731         CLRF    r0x01
0078 0E04      00732         MOVLW   0x04
007A 6E00      00733         MOVWF   r0x02
007C 6A00      00734         CLRF    r0x03
007E 00735 _00124_DS_:
007E 5000      00736         MOVF    r0x02, W
0080 6E00      00737         MOVWF   r0x04
0082 0E02      00738         MOVLW   0x02
0084 2400      00739         ADDWF   r0x03, W
0086 6E00      00740         MOVWF   r0x05
0088 C000 FFE9 00741         MOVFF   r0x04, FSR0L
008C C000 FFEA 00742         MOVFF   r0x05, FSR0H
0090 CFEE F000 00743         MOVFF   POSTINC0, r0x04
0094 CFEE F000 00744         MOVFF   POSTINC0, r0x05
0098 CFEE F000 00745         MOVFF   POSTINC0, r0x06
009C CFEF F000 00746         MOVFF   INDF0, r0x07
00A0 5000      00747         MOVF    r0x04, W
00A2 0AEF      00748         XORLW   0xef
00A4 E100      00749         BNZ     _00137_DS_
00A6 5000      00750         MOVF    r0x05, W
00A8 0ABE      00751         XORLW   0xbe
00AA E100      00752         BNZ     _00137_DS_
00AC 5000      00753         MOVF    r0x06, W
00AE 0AAD      00754         XORLW   0xad
00B0 E100      00755         BNZ     _00137_DS_
00B2 5000      00756         MOVF    r0x07, W
gpasm-0.13.7 beta               debug.asm   11-9-2012  21:20:54          PAGE 15


LOC  OBJECT CODE     LINE SOURCE TEXT
  VALUE
 
00B4 0ADE      00757         XORLW   0xde
00B6 E000      00758         BZ      _00138_DS_
00B8 00759 _00137_DS_:
00B8 D000      00760         BRA     _00127_DS_
00BA 00761 _00138_DS_:
00BA 0E04      00762         MOVLW   0x04
00BC 2600      00763         ADDWF   r0x02, F
00BE B0D8      00764         BTFSC   STATUS, 0
00C0 2A00      00765         INCF    r0x03, F
00C2 2A00      00766         INCF    r0x00, F
00C4 B0D8      00767         BTFSC   STATUS, 0
00C6 2A00      00768         INCF    r0x01, F
00C8 D000      00769         BRA     _00124_DS_
00CA 00770 _00127_DS_:
               00771 ;       .line   91; debug.c     size = 64 - ii;
00CA 5000      00772         MOVF    r0x00, W
00CC 0840      00773         SUBLW   0x40
00CE 6E00      00774         MOVWF   r0x00
00D0 0E00      00775         MOVLW   0x00
00D2 5600      00776         SUBFWB  r0x01, F
               00777 ;       .line   98; debug.c     FSR1H, FSR1L, size, stack[ii]);
00D4 C000 F000 00778         MOVFF   _FSR1L, r0x02
00D8 6A00      00779         CLRF    r0x03
00DA C000 F000 00780         MOVFF   _FSR1H, r0x08
00DE 6A00      00781         CLRF    r0x09
               00782 ;       .line   97; debug.c     printf("FSR1 = %x %x Max stack usage so far = %d/64 longs.\n",
00E0 5000      00783         MOVF    r0x07, W
00E2 6EE5      00784         MOVWF   POSTDEC1
00E4 5000      00785         MOVF    r0x06, W
00E6 6EE5      00786         MOVWF   POSTDEC1
00E8 5000      00787         MOVF    r0x05, W
00EA 6EE5      00788         MOVWF   POSTDEC1
00EC 5000      00789         MOVF    r0x04, W
00EE 6EE5      00790         MOVWF   POSTDEC1
00F0 5000      00791         MOVF    r0x01, W
00F2 6EE5      00792         MOVWF   POSTDEC1
00F4 5000      00793         MOVF    r0x00, W
00F6 6EE5      00794         MOVWF   POSTDEC1
00F8 5000      00795         MOVF    r0x03, W
00FA 6EE5      00796         MOVWF   POSTDEC1
00FC 5000      00797         MOVF    r0x02, W
00FE 6EE5      00798         MOVWF   POSTDEC1
0100 5000      00799         MOVF    r0x09, W
0102 6EE5      00800         MOVWF   POSTDEC1
0104 5000      00801         MOVF    r0x08, W
0106 6EE5      00802         MOVWF   POSTDEC1
0108 0E00      00803         MOVLW   UPPER(__str_1)
010A 6EE5      00804         MOVWF   POSTDEC1
010C 0E00      00805         MOVLW   HIGH(__str_1)
010E 6EE5      00806         MOVWF   POSTDEC1
0110 0E00      00807         MOVLW   LOW(__str_1)
0112 6EE5      00808         MOVWF   POSTDEC1
0114 EC00 F000 00809         CALL    _printf
0118 0E0D      00810         MOVLW   0x0d
gpasm-0.13.7 beta               debug.asm   11-9-2012  21:20:54          PAGE 16


LOC  OBJECT CODE     LINE SOURCE TEXT
  VALUE
 
011A 26E1      00811         ADDWF   FSR1L, F
011C CFE4 F000 00812         MOVFF   PREINC1, r0x09
0120 CFE4 F000 00813         MOVFF   PREINC1, r0x08
0124 CFE4 F000 00814         MOVFF   PREINC1, r0x07
0128 CFE4 F000 00815         MOVFF   PREINC1, r0x06
012C CFE4 F000 00816         MOVFF   PREINC1, r0x05
0130 CFE4 F000 00817         MOVFF   PREINC1, r0x04
0134 CFE4 F000 00818         MOVFF   PREINC1, r0x03
0138 CFE4 F000 00819         MOVFF   PREINC1, r0x02
013C CFE4 F000 00820         MOVFF   PREINC1, r0x01
0140 CFE4 F000 00821         MOVFF   PREINC1, r0x00
0144 CFE4 FFD9 00822         MOVFF   PREINC1, FSR2L
0148 0012      00823         RETURN  
               00824 
               00825 ; ; Starting pCode block
               00826 S_debug__debug_stack_paint      code
0000 00827 _debug_stack_paint:
               00828 ;       .line   26; debug.c     void    debug_stack_paint(void)
0000 CFD9 FFE5 00829         MOVFF   FSR2L, POSTDEC1
0004 CFE1 FFD9 00830         MOVFF   FSR1L, FSR2L
0008 C000 FFE5 00831         MOVFF   r0x00, POSTDEC1
000C C000 FFE5 00832         MOVFF   r0x01, POSTDEC1
0010 C000 FFE5 00833         MOVFF   r0x02, POSTDEC1
0014 C000 FFE5 00834         MOVFF   r0x03, POSTDEC1
0018 C000 FFE5 00835         MOVFF   r0x04, POSTDEC1
001C C000 FFE5 00836         MOVFF   r0x05, POSTDEC1
               00837 ;       .line   46; debug.c     for (ii = 0; ii * sizeof(long) < FSR1L-4; ++ii)
0020 6A00      00838         CLRF    r0x00
0022 6A00      00839         CLRF    r0x01
0024 6A00      00840         CLRF    r0x02
0026 6A00      00841         CLRF    r0x03
0028 00842 _00105_DS_:
0028 C000 F000 00843         MOVFF   _FSR1L, r0x04
002C 6A00      00844         CLRF    r0x05
002E 0EFC      00845         MOVLW   0xfc
0030 2600      00846         ADDWF   r0x04, F
0032 A0D8      00847         BTFSS   STATUS, 0
0034 0600      00848         DECF    r0x05, F
0036 5000      00849         MOVF    r0x03, W
0038 0F80      00850         ADDLW   0x80
003A 6EF3      00851         MOVWF   PRODL
003C 5000      00852         MOVF    r0x05, W
003E 0F80      00853         ADDLW   0x80
0040 5CF3      00854         SUBWF   PRODL, W
0042 E100      00855         BNZ     _00114_DS_
0044 5000      00856         MOVF    r0x04, W
0046 5C00      00857         SUBWF   r0x02, W
0048 00858 _00114_DS_:
0048 E200      00859         BC      _00109_DS_
               00860 ;       .line   47; debug.c     stack[ii] = 0xdeadbeef;
004A 5000      00861         MOVF    r0x02, W
004C 6E00      00862         MOVWF   r0x04
004E 0E02      00863         MOVLW   0x02
0050 2400      00864         ADDWF   r0x03, W
gpasm-0.13.7 beta               debug.asm   11-9-2012  21:20:54          PAGE 17


LOC  OBJECT CODE     LINE SOURCE TEXT
  VALUE
 
0052 6E00      00865         MOVWF   r0x05
0054 C000 FFE9 00866         MOVFF   r0x04, FSR0L
0058 C000 FFEA 00867         MOVFF   r0x05, FSR0H
005C 0EEF      00868         MOVLW   0xef
005E 6EEE      00869         MOVWF   POSTINC0
0060 0EBE      00870         MOVLW   0xbe
0062 6EEE      00871         MOVWF   POSTINC0
0064 0EAD      00872         MOVLW   0xad
0066 6EEE      00873         MOVWF   POSTINC0
0068 0EDE      00874         MOVLW   0xde
006A 6EEF      00875         MOVWF   INDF0
               00876 ;       .line   46; debug.c     for (ii = 0; ii * sizeof(long) < FSR1L-4; ++ii)
006C 0E04      00877         MOVLW   0x04
006E 2600      00878         ADDWF   r0x02, F
0070 B0D8      00879         BTFSC   STATUS, 0
0072 2A00      00880         INCF    r0x03, F
0074 2A00      00881         INCF    r0x00, F
0076 B0D8      00882         BTFSC   STATUS, 0
0078 2A00      00883         INCF    r0x01, F
007A D000      00884         BRA     _00105_DS_
007C 00885 _00109_DS_:
007C CFE4 F000 00886         MOVFF   PREINC1, r0x05
0080 CFE4 F000 00887         MOVFF   PREINC1, r0x04
0084 CFE4 F000 00888         MOVFF   PREINC1, r0x03
0088 CFE4 F000 00889         MOVFF   PREINC1, r0x02
008C CFE4 F000 00890         MOVFF   PREINC1, r0x01
0090 CFE4 F000 00891         MOVFF   PREINC1, r0x00
0094 CFE4 FFD9 00892         MOVFF   PREINC1, FSR2L
0098 0012      00893         RETURN  
               00894 
               00895 ; ; Starting pCode block
009A 00896 __str_0:
009A 7453 6361 00897         DB      0x53, 0x74, 0x61, 0x63, 0x6b, 0x20, 0x6f, 0x76, 0x65, 0x72, 0x66, 0x6c
     206B 766F 
     7265 6C66 
00A6 776F 6465 00898         DB      0x6f, 0x77, 0x65, 0x64, 0x0d, 0x0a, 0x00
     0A0D 0000 
               00899 ; ; Starting pCode block
00AE 00900 __str_1:
00AE 5346 3152 00901         DB      0x46, 0x53, 0x52, 0x31, 0x20, 0x3d, 0x20, 0x25, 0x78, 0x20, 0x25, 0x78
     3D20 2520 
     2078 7825 
00BA 4D20 7861 00902         DB      0x20, 0x4d, 0x61, 0x78, 0x20, 0x73, 0x74, 0x61, 0x63, 0x6b, 0x20, 0x75
     7320 6174 
     6B63 7520 
00C6 6173 6567 00903         DB      0x73, 0x61, 0x67, 0x65, 0x20, 0x73, 0x6f, 0x20, 0x66, 0x61, 0x72, 0x20
     7320 206F 
     6166 2072 
00D2 203D 6425 00904         DB      0x3d, 0x20, 0x25, 0x64, 0x2f, 0x36, 0x34, 0x20, 0x6c, 0x6f, 0x6e, 0x67
     362F 2034 
     6F6C 676E 
00DE 2E73 000A 00905         DB      0x73, 0x2e, 0x0a, 0x00
               00906 ; ; Starting pCode block
00E2 00907 __str_2:
gpasm-0.13.7 beta               debug.asm   11-9-2012  21:20:54          PAGE 18


LOC  OBJECT CODE     LINE SOURCE TEXT
  VALUE
 
00E2 7825 0020 00908         DB      0x25, 0x78, 0x20, 0x00
               00909 ; ; Starting pCode block
00E6 00910 __str_3:
00E6 000A      00911         DB      0x0a, 0x00
               00912 ; ; Starting pCode block
00E8 00913 __str_4:
00E8 6425 203A 00914         DB      0x25, 0x64, 0x3a, 0x20, 0x25, 0x78, 0x20, 0x25, 0x78, 0x20, 0x25, 0x78
     7825 2520 
     2078 7825 
00F4 2520 2078 00915         DB      0x20, 0x25, 0x78, 0x20, 0x25, 0x78, 0x20, 0x25, 0x78, 0x20, 0x25, 0x78
     7825 2520 
     2078 7825 
0100 2520 0A78 00916         DB      0x20, 0x25, 0x78, 0x0a, 0x00
     0000      
               00917 
               00918 
               00919 ; Statistics:
               00920 ; code size:     1460 (0x05b4) bytes ( 1.11%)
               00921 ;                 730 (0x02da) words
               00922 ; udata size:       0 (0x0000) bytes ( 0.00%)
               00923 ; access size:     24 (0x0018) bytes
               00924 
               00925 
gpasm-0.13.7 beta               debug.asm   11-9-2012  21:20:54          PAGE 19


SYMBOL TABLE
  LABEL                             VALUE 

FSR0H                             00000FEA
FSR0L                             00000FE9
FSR1L                             00000FE1
FSR2L                             00000FD9
INDF0                             00000FEF
PLUSW2                            00000FDB
POSTDEC1                          00000FE5
POSTINC0                          00000FEE
PREINC1                           00000FE4
PRODL                             00000FF3
STATUS                            00000FD8
WREG                              00000FE8
_00105_DS_                        00000028
_00109_DS_                        0000007C
_00114_DS_                        00000048
_00120_DS_                        00000070
_00124_DS_                        0000007E
_00127_DS_                        000000CA
_00133_DS_                        00000072
_00136_DS_                        0000005C
_00137_DS_                        000000B8
_00138_DS_                        000000BA
_00143_DS_                        00000042
_00145_DS_                        00000092
_00151_DS_                        00000082
_00154_DS_                        00000276
_00160_DS_                        0000008E
_ADCON0                           00000000
_ADCON0bits                       00000000
_ADCON1                           00000000
_ADCON1bits                       00000000
_ADCON2                           00000000
_ADCON2bits                       00000000
_ADRESH                           00000000
_ADRESL                           00000000
_BSR                              00000000
_CCP1CON                          00000000
_CCP1CONbits                      00000000
_CCP2CON                          00000000
_CCP2CONbits                      00000000
_CCP3CON                          00000000
_CCP3CONbits                      00000000
_CCP4CON                          00000000
_CCP4CONbits                      00000000
_CCP5CON                          00000000
_CCP5CONbits                      00000000
_CCPR1H                           00000000
_CCPR1L                           00000000
_CCPR2H                           00000000
_CCPR2L                           00000000
_CCPR3H                           00000000
_CCPR3L                           00000000
_CCPR4H                           00000000
gpasm-0.13.7 beta               debug.asm   11-9-2012  21:20:54          PAGE 20


LOC  OBJECT CODE     LINE SOURCE TEXT
  VALUE
 
_CCPR4L                           00000000
_CCPR5H                           00000000
_CCPR5L                           00000000
_CMCON                            00000000
_CMCONbits                        00000000
_CVRCON                           00000000
_CVRCONbits                       00000000
_EEADR                            00000000
_EEADRH                           00000000
_EECON1                           00000000
_EECON1bits                       00000000
_EECON2                           00000000
_EEDATA                           00000000
_FSR0H                            00000000
_FSR0L                            00000000
_FSR1H                            00000000
_FSR1L                            00000000
_FSR2H                            00000000
_FSR2L                            00000000
_INDF0                            00000000
_INDF1                            00000000
_INDF2                            00000000
_INTCON                           00000000
_INTCON2                          00000000
_INTCON2bits                      00000000
_INTCON3                          00000000
_INTCON3bits                      00000000
_INTCONbits                       00000000
_IPR1                             00000000
_IPR1bits                         00000000
_IPR2                             00000000
_IPR2bits                         00000000
_IPR3                             00000000
_IPR3bits                         00000000
_LATA                             00000000
_LATAbits                         00000000
_LATB                             00000000
_LATBbits                         00000000
_LATC                             00000000
_LATCbits                         00000000
_LATD                             00000000
_LATDbits                         00000000
_LATE                             00000000
_LATEbits                         00000000
_LATF                             00000000
_LATFbits                         00000000
_LATG                             00000000
_LATGbits                         00000000
_LATH                             00000000
_LATHbits                         00000000
_LATJ                             00000000
_LATJbits                         00000000
_LVDCON                           00000000
_LVDCONbits                       00000000
gpasm-0.13.7 beta               debug.asm   11-9-2012  21:20:54          PAGE 21


LOC  OBJECT CODE     LINE SOURCE TEXT
  VALUE
 
_MEMCON                           00000000
_MEMCONbits                       00000000
_OSCCON                           00000000
_OSCCONbits                       00000000
_PCL                              00000000
_PCLATH                           00000000
_PCLATU                           00000000
_PIE1                             00000000
_PIE1bits                         00000000
_PIE2                             00000000
_PIE2bits                         00000000
_PIE3                             00000000
_PIE3bits                         00000000
_PIR1                             00000000
_PIR1bits                         00000000
_PIR2                             00000000
_PIR2bits                         00000000
_PIR3                             00000000
_PIR3bits                         00000000
_PLUSW0                           00000000
_PLUSW1                           00000000
_PLUSW2                           00000000
_PORTA                            00000000
_PORTAbits                        00000000
_PORTB                            00000000
_PORTBbits                        00000000
_PORTC                            00000000
_PORTCbits                        00000000
_PORTD                            00000000
_PORTDbits                        00000000
_PORTE                            00000000
_PORTEbits                        00000000
_PORTF                            00000000
_PORTFbits                        00000000
_PORTG                            00000000
_PORTGbits                        00000000
_PORTH                            00000000
_PORTHbits                        00000000
_PORTJ                            00000000
_PORTJbits                        00000000
_POSTDEC0                         00000000
_POSTDEC1                         00000000
_POSTDEC2                         00000000
_POSTINC0                         00000000
_POSTINC1                         00000000
_POSTINC2                         00000000
_PR2                              00000000
_PR4                              00000000
_PREINC0                          00000000
_PREINC1                          00000000
_PREINC2                          00000000
_PRODH                            00000000
_PRODL                            00000000
_PSPCON                           00000000
gpasm-0.13.7 beta               debug.asm   11-9-2012  21:20:54          PAGE 22


LOC  OBJECT CODE     LINE SOURCE TEXT
  VALUE
 
_PSPCONbits                       00000000
_RCON                             00000000
_RCONbits                         00000000
_RCREG                            00000000
_RCREG1                           00000000
_RCREG2                           00000000
_RCSTA                            00000000
_RCSTA1                           00000000
_RCSTA1bits                       00000000
_RCSTA2                           00000000
_RCSTA2bits                       00000000
_RCSTAbits                        00000000
_SPBRG                            00000000
_SPBRG1                           00000000
_SPBRG2                           00000000
_SSPADD                           00000000
_SSPBUF                           00000000
_SSPCON1                          00000000
_SSPCON1bits                      00000000
_SSPCON2                          00000000
_SSPCON2bits                      00000000
_SSPSTAT                          00000000
_SSPSTATbits                      00000000
_STATUS                           00000000
_STATUSbits                       00000000
_STKPTR                           00000000
_STKPTRbits                       00000000
_T0CON                            00000000
_T1CON                            00000000
_T1CONbits                        00000000
_T2CON                            00000000
_T2CONbits                        00000000
_T3CON                            00000000
_T3CONbits                        00000000
_T4CON                            00000000
_T4CONbits                        00000000
_TABLAT                           00000000
_TBLPTRH                          00000000
_TBLPTRL                          00000000
_TBLPTRU                          00000000
_TMR0H                            00000000
_TMR0L                            00000000
_TMR1H                            00000000
_TMR1L                            00000000
_TMR2                             00000000
_TMR3H                            00000000
_TMR3L                            00000000
_TMR4                             00000000
_TOSH                             00000000
_TOSL                             00000000
_TOSU                             00000000
_TRISA                            00000000
_TRISAbits                        00000000
_TRISB                            00000000
gpasm-0.13.7 beta               debug.asm   11-9-2012  21:20:54          PAGE 23


LOC  OBJECT CODE     LINE SOURCE TEXT
  VALUE
 
_TRISBbits                        00000000
_TRISC                            00000000
_TRISCbits                        00000000
_TRISD                            00000000
_TRISDbits                        00000000
_TRISE                            00000000
_TRISEbits                        00000000
_TRISF                            00000000
_TRISFbits                        00000000
_TRISG                            00000000
_TRISGbits                        00000000
_TRISH                            00000000
_TRISHbits                        00000000
_TRISJ                            00000000
_TRISJbits                        00000000
_TXREG                            00000000
_TXREG1                           00000000
_TXREG2                           00000000
_TXSTA                            00000000
_TXSTA1                           00000000
_TXSTA1bits                       00000000
_TXSTA2                           00000000
_TXSTA2bits                       00000000
_TXSTAbits                        00000000
_WDTCON                           00000000
_WDTCONbits                       00000000
_WREG                             00000000
__18F8520                         00000001
__gptrget1                        00000000
__str_0                           0000009A
__str_1                           000000AE
__str_2                           000000E2
__str_3                           000000E6
__str_4                           000000E8
_debug_hex_dump                   00000000
_debug_spi_buff_dump              00000000
_debug_stack_paint                00000000
_debug_stack_report               00000000
_printf                           00000000
_stdin                            00000000
_stdout                           00000000
r0x00                             00000000
r0x01                             00000001
r0x02                             00000002
r0x03                             00000003
r0x04                             00000004
r0x05                             00000005
r0x06                             00000006
r0x07                             00000007
r0x08                             00000008
r0x09                             00000009
r0x0a                             0000000A
r0x0b                             0000000B
r0x0c                             0000000C
gpasm-0.13.7 beta               debug.asm   11-9-2012  21:20:54          PAGE 24


LOC  OBJECT CODE     LINE SOURCE TEXT
  VALUE
 
r0x0d                             0000000D
r0x0e                             0000000E
r0x0f                             0000000F
r0x10                             00000010
r0x11                             00000011
r0x12                             00000012
r0x13                             00000013
r0x14                             00000014
r0x15                             00000015
r0x16                             00000016
r0x17                             00000017


Errors   :       0
Warnings :       0 reported,       0 suppressed
Messages :       0 reported,       0 suppressed

