gpasm-0.13.7 beta               vex_delay.asm11-2-2012  01:06:42          PAGE  1


LOC  OBJECT CODE     LINE SOURCE TEXT
  VALUE
 
               00001 ;--------------------------------------------------------
               00002 ; File Created by SDCC : free open source ANSI-C Compiler
               00003 ; Version 2.9.0 #5416 (Feb  3 2010) (UNIX)
               00004 ; This file was generated Fri Nov  2 01:06:42 2012
               00005 ;--------------------------------------------------------
               00006 ; PIC16 port for the Microchip 16-bit core micros
               00007 ;--------------------------------------------------------
               00008         list    p=18f8520
               00009 
               00010         radix dec
               00011 
               00012 ;--------------------------------------------------------
               00013 ; public variables in this module
               00014 ;--------------------------------------------------------
               00015         global _delay_msec
               00016         global _delay_sec
               00017 
               00018 ;--------------------------------------------------------
               00019 ; extern variables in this module
               00020 ;--------------------------------------------------------
               00021         extern _RCSTA2bits
               00022         extern _TXSTA2bits
               00023         extern _CCP5CONbits
               00024         extern _CCP4CONbits
               00025         extern _T4CONbits
               00026         extern _PORTAbits
               00027         extern _PORTBbits
               00028         extern _PORTCbits
               00029         extern _PORTDbits
               00030         extern _PORTEbits
               00031         extern _PORTFbits
               00032         extern _PORTGbits
               00033         extern _PORTHbits
               00034         extern _PORTJbits
               00035         extern _LATAbits
               00036         extern _LATBbits
               00037         extern _LATCbits
               00038         extern _LATDbits
               00039         extern _LATEbits
               00040         extern _LATFbits
               00041         extern _LATGbits
               00042         extern _LATHbits
               00043         extern _LATJbits
               00044         extern _TRISAbits
               00045         extern _TRISBbits
               00046         extern _TRISCbits
               00047         extern _TRISDbits
               00048         extern _TRISEbits
               00049         extern _TRISFbits
               00050         extern _TRISGbits
               00051         extern _TRISHbits
               00052         extern _TRISJbits
               00053         extern _MEMCONbits
               00054         extern _PIE1bits
gpasm-0.13.7 beta               vex_delay.asm11-2-2012  01:06:42          PAGE  2


LOC  OBJECT CODE     LINE SOURCE TEXT
  VALUE
 
               00055         extern _PIR1bits
               00056         extern _IPR1bits
               00057         extern _PIE2bits
               00058         extern _PIR2bits
               00059         extern _IPR2bits
               00060         extern _PIE3bits
               00061         extern _PIR3bits
               00062         extern _IPR3bits
               00063         extern _EECON1bits
               00064         extern _RCSTA1bits
               00065         extern _TXSTA1bits
               00066         extern _RCSTAbits
               00067         extern _TXSTAbits
               00068         extern _PSPCONbits
               00069         extern _T3CONbits
               00070         extern _CMCONbits
               00071         extern _CVRCONbits
               00072         extern _CCP3CONbits
               00073         extern _CCP2CONbits
               00074         extern _CCP1CONbits
               00075         extern _ADCON2bits
               00076         extern _ADCON1bits
               00077         extern _ADCON0bits
               00078         extern _SSPCON2bits
               00079         extern _SSPCON1bits
               00080         extern _SSPSTATbits
               00081         extern _T2CONbits
               00082         extern _T1CONbits
               00083         extern _RCONbits
               00084         extern _WDTCONbits
               00085         extern _LVDCONbits
               00086         extern _OSCCONbits
               00087         extern _STATUSbits
               00088         extern _INTCON3bits
               00089         extern _INTCON2bits
               00090         extern _INTCONbits
               00091         extern _STKPTRbits
               00092         extern _RCSTA2
               00093         extern _TXSTA2
               00094         extern _TXREG2
               00095         extern _RCREG2
               00096         extern _SPBRG2
               00097         extern _CCP5CON
               00098         extern _CCPR5L
               00099         extern _CCPR5H
               00100         extern _CCP4CON
               00101         extern _CCPR4L
               00102         extern _CCPR4H
               00103         extern _T4CON
               00104         extern _PR4
               00105         extern _TMR4
               00106         extern _PORTA
               00107         extern _PORTB
               00108         extern _PORTC
gpasm-0.13.7 beta               vex_delay.asm11-2-2012  01:06:42          PAGE  3


LOC  OBJECT CODE     LINE SOURCE TEXT
  VALUE
 
               00109         extern _PORTD
               00110         extern _PORTE
               00111         extern _PORTF
               00112         extern _PORTG
               00113         extern _PORTH
               00114         extern _PORTJ
               00115         extern _LATA
               00116         extern _LATB
               00117         extern _LATC
               00118         extern _LATD
               00119         extern _LATE
               00120         extern _LATF
               00121         extern _LATG
               00122         extern _LATH
               00123         extern _LATJ
               00124         extern _TRISA
               00125         extern _TRISB
               00126         extern _TRISC
               00127         extern _TRISD
               00128         extern _TRISE
               00129         extern _TRISF
               00130         extern _TRISG
               00131         extern _TRISH
               00132         extern _TRISJ
               00133         extern _MEMCON
               00134         extern _PIE1
               00135         extern _PIR1
               00136         extern _IPR1
               00137         extern _PIE2
               00138         extern _PIR2
               00139         extern _IPR2
               00140         extern _PIE3
               00141         extern _PIR3
               00142         extern _IPR3
               00143         extern _EECON1
               00144         extern _EECON2
               00145         extern _EEDATA
               00146         extern _EEADR
               00147         extern _EEADRH
               00148         extern _RCSTA1
               00149         extern _TXSTA1
               00150         extern _TXREG1
               00151         extern _RCREG1
               00152         extern _SPBRG1
               00153         extern _RCSTA
               00154         extern _TXSTA
               00155         extern _TXREG
               00156         extern _RCREG
               00157         extern _SPBRG
               00158         extern _PSPCON
               00159         extern _T3CON
               00160         extern _TMR3L
               00161         extern _TMR3H
               00162         extern _CMCON
gpasm-0.13.7 beta               vex_delay.asm11-2-2012  01:06:42          PAGE  4


LOC  OBJECT CODE     LINE SOURCE TEXT
  VALUE
 
               00163         extern _CVRCON
               00164         extern _CCP3CON
               00165         extern _CCPR3L
               00166         extern _CCPR3H
               00167         extern _CCP2CON
               00168         extern _CCPR2L
               00169         extern _CCPR2H
               00170         extern _CCP1CON
               00171         extern _CCPR1L
               00172         extern _CCPR1H
               00173         extern _ADCON2
               00174         extern _ADCON1
               00175         extern _ADCON0
               00176         extern _ADRESL
               00177         extern _ADRESH
               00178         extern _SSPCON2
               00179         extern _SSPCON1
               00180         extern _SSPSTAT
               00181         extern _SSPADD
               00182         extern _SSPBUF
               00183         extern _T2CON
               00184         extern _PR2
               00185         extern _TMR2
               00186         extern _T1CON
               00187         extern _TMR1L
               00188         extern _TMR1H
               00189         extern _RCON
               00190         extern _WDTCON
               00191         extern _LVDCON
               00192         extern _OSCCON
               00193         extern _T0CON
               00194         extern _TMR0L
               00195         extern _TMR0H
               00196         extern _STATUS
               00197         extern _FSR2L
               00198         extern _FSR2H
               00199         extern _PLUSW2
               00200         extern _PREINC2
               00201         extern _POSTDEC2
               00202         extern _POSTINC2
               00203         extern _INDF2
               00204         extern _BSR
               00205         extern _FSR1L
               00206         extern _FSR1H
               00207         extern _PLUSW1
               00208         extern _PREINC1
               00209         extern _POSTDEC1
               00210         extern _POSTINC1
               00211         extern _INDF1
               00212         extern _WREG
               00213         extern _FSR0L
               00214         extern _FSR0H
               00215         extern _PLUSW0
               00216         extern _PREINC0
gpasm-0.13.7 beta               vex_delay.asm11-2-2012  01:06:42          PAGE  5


LOC  OBJECT CODE     LINE SOURCE TEXT
  VALUE
 
               00217         extern _POSTDEC0
               00218         extern _POSTINC0
               00219         extern _INDF0
               00220         extern _INTCON3
               00221         extern _INTCON2
               00222         extern _INTCON
               00223         extern _PRODL
               00224         extern _PRODH
               00225         extern _TABLAT
               00226         extern _TBLPTRL
               00227         extern _TBLPTRH
               00228         extern _TBLPTRU
               00229         extern _PCL
               00230         extern _PCLATH
               00231         extern _PCLATU
               00232         extern _STKPTR
               00233         extern _TOSL
               00234         extern _TOSH
               00235         extern _TOSU
               00236         extern _delay10ktcy
               00237         extern _delay1mtcy
               00238 ;--------------------------------------------------------
               00239 ;       Equates to used internal registers
               00240 ;--------------------------------------------------------
  00000FD8     00241 STATUS  equ     0xfd8
  00000FE1     00242 FSR1L   equ     0xfe1
  00000FD9     00243 FSR2L   equ     0xfd9
  00000FE5     00244 POSTDEC1        equ     0xfe5
  00000FE4     00245 PREINC1 equ     0xfe4
  00000FDB     00246 PLUSW2  equ     0xfdb
  00000FF3     00247 PRODL   equ     0xff3
               00248 
               00249 
               00250 ; Internal registers
               00251 .registers      udata_ovr       0x0000
               00252 r0x00   res     1
               00253 r0x01   res     1
               00254 r0x02   res     1
               00255 r0x03   res     1
               00256 
               00257 ;--------------------------------------------------------
               00258 ; global & static initialisations
               00259 ;--------------------------------------------------------
               00260 ; I code from now on!
               00261 ; ; Starting pCode block
               00262 S_vex_delay__delay_sec  code
0000 00263 _delay_sec:
               00264 ;       .line   84; vex_delay.c void    delay_sec(unsigned int seconds)
0000 CFD9 FFE5 00265         MOVFF   FSR2L, POSTDEC1
0004 CFE1 FFD9 00266         MOVFF   FSR1L, FSR2L
0008 C000 FFE5 00267         MOVFF   r0x00, POSTDEC1
000C C000 FFE5 00268         MOVFF   r0x01, POSTDEC1
0010 C000 FFE5 00269         MOVFF   r0x02, POSTDEC1
0014 C000 FFE5 00270         MOVFF   r0x03, POSTDEC1
gpasm-0.13.7 beta               vex_delay.asm11-2-2012  01:06:42          PAGE  6


LOC  OBJECT CODE     LINE SOURCE TEXT
  VALUE
 
0018 0E02      00271         MOVLW   0x02
001A CFDB F000 00272         MOVFF   PLUSW2, r0x00
001E 0E03      00273         MOVLW   0x03
0020 CFDB F000 00274         MOVFF   PLUSW2, r0x01
0024 00275 _00120_DS_:
               00276 ;       .line   90; vex_delay.c while ( seconds > 0 )
0024 5000      00277         MOVF    r0x00, W
0026 1000      00278         IORWF   r0x01, W
0028 E000      00279         BZ      _00123_DS_
               00280 ;       .line   92; vex_delay.c delay = MIN(seconds, 25);
002A 0E00      00281         MOVLW   0x00
002C 5C00      00282         SUBWF   r0x01, W
002E E100      00283         BNZ     _00130_DS_
0030 0E19      00284         MOVLW   0x19
0032 5C00      00285         SUBWF   r0x00, W
0034 00286 _00130_DS_:
0034 E200      00287         BC      _00125_DS_
0036 C000 F000 00288         MOVFF   r0x00, r0x02
003A C000 F000 00289         MOVFF   r0x01, r0x03
003E D000      00290         BRA     _00126_DS_
0040 00291 _00125_DS_:
0040 0E19      00292         MOVLW   0x19
0042 6E00      00293         MOVWF   r0x02
0044 6A00      00294         CLRF    r0x03
               00295 ; ;multiply lit val:0x0a by variable r0x02 and store in r0x03
               00296 ; ;Unrolled 8 X 8 multiplication
               00297 ; ;FIXME: the function does not support result==WREG
0046 00298 _00126_DS_:
               00299 ;       .line   93; vex_delay.c delay1mtcy(10*delay);
0046 5000      00300         MOVF    r0x02, W
0048 0D0A      00301         MULLW   0x0a
004A CFF3 F000 00302         MOVFF   PRODL, r0x03
004E 5000      00303         MOVF    r0x03, W
0050 EC00 F000 00304         CALL    _delay1mtcy
               00305 ;       .line   94; vex_delay.c seconds -= delay;
0054 6A00      00306         CLRF    r0x03
0056 5000      00307         MOVF    r0x02, W
0058 5E00      00308         SUBWF   r0x00, F
005A 5000      00309         MOVF    r0x03, W
005C 5A00      00310         SUBWFB  r0x01, F
005E D000      00311         BRA     _00120_DS_
0060 00312 _00123_DS_:
0060 CFE4 F000 00313         MOVFF   PREINC1, r0x03
0064 CFE4 F000 00314         MOVFF   PREINC1, r0x02
0068 CFE4 F000 00315         MOVFF   PREINC1, r0x01
006C CFE4 F000 00316         MOVFF   PREINC1, r0x00
0070 CFE4 FFD9 00317         MOVFF   PREINC1, FSR2L
0074 0012      00318         RETURN  
               00319 
               00320 ; ; Starting pCode block
               00321 S_vex_delay__delay_msec code
0000 00322 _delay_msec:
               00323 ;       .line   43; vex_delay.c void    delay_msec(unsigned int ms)
0000 CFD9 FFE5 00324         MOVFF   FSR2L, POSTDEC1
gpasm-0.13.7 beta               vex_delay.asm11-2-2012  01:06:42          PAGE  7


LOC  OBJECT CODE     LINE SOURCE TEXT
  VALUE
 
0004 CFE1 FFD9 00325         MOVFF   FSR1L, FSR2L
0008 C000 FFE5 00326         MOVFF   r0x00, POSTDEC1
000C C000 FFE5 00327         MOVFF   r0x01, POSTDEC1
0010 C000 FFE5 00328         MOVFF   r0x02, POSTDEC1
0014 C000 FFE5 00329         MOVFF   r0x03, POSTDEC1
0018 0E02      00330         MOVLW   0x02
001A CFDB F000 00331         MOVFF   PLUSW2, r0x00
001E 0E03      00332         MOVLW   0x03
0020 CFDB F000 00333         MOVFF   PLUSW2, r0x01
0024 00334 _00105_DS_:
               00335 ;       .line   49; vex_delay.c while ( ms > 0 )
0024 5000      00336         MOVF    r0x00, W
0026 1000      00337         IORWF   r0x01, W
0028 E000      00338         BZ      _00108_DS_
               00339 ;       .line   51; vex_delay.c delay = MIN(ms, 255);
002A 0E00      00340         MOVLW   0x00
002C 5C00      00341         SUBWF   r0x01, W
002E E100      00342         BNZ     _00115_DS_
0030 0EFF      00343         MOVLW   0xff
0032 5C00      00344         SUBWF   r0x00, W
0034 00345 _00115_DS_:
0034 E200      00346         BC      _00110_DS_
0036 C000 F000 00347         MOVFF   r0x00, r0x02
003A C000 F000 00348         MOVFF   r0x01, r0x03
003E D000      00349         BRA     _00111_DS_
0040 00350 _00110_DS_:
0040 0EFF      00351         MOVLW   0xff
0042 6E00      00352         MOVWF   r0x02
0044 6A00      00353         CLRF    r0x03
0046 00354 _00111_DS_:
               00355 ;       .line   52; vex_delay.c delay10ktcy(delay);
0046 5000      00356         MOVF    r0x02, W
0048 EC00 F000 00357         CALL    _delay10ktcy
               00358 ;       .line   53; vex_delay.c ms -= delay;
004C 6A00      00359         CLRF    r0x03
004E 5000      00360         MOVF    r0x02, W
0050 5E00      00361         SUBWF   r0x00, F
0052 5000      00362         MOVF    r0x03, W
0054 5A00      00363         SUBWFB  r0x01, F
0056 D000      00364         BRA     _00105_DS_
0058 00365 _00108_DS_:
0058 CFE4 F000 00366         MOVFF   PREINC1, r0x03
005C CFE4 F000 00367         MOVFF   PREINC1, r0x02
0060 CFE4 F000 00368         MOVFF   PREINC1, r0x01
0064 CFE4 F000 00369         MOVFF   PREINC1, r0x00
0068 CFE4 FFD9 00370         MOVFF   PREINC1, FSR2L
006C 0012      00371         RETURN  
               00372 
               00373 
               00374 
               00375 ; Statistics:
               00376 ; code size:      228 (0x00e4) bytes ( 0.17%)
               00377 ;                 114 (0x0072) words
               00378 ; udata size:       0 (0x0000) bytes ( 0.00%)
gpasm-0.13.7 beta               vex_delay.asm11-2-2012  01:06:42          PAGE  8


LOC  OBJECT CODE     LINE SOURCE TEXT
  VALUE
 
               00379 ; access size:      4 (0x0004) bytes
               00380 
               00381 
gpasm-0.13.7 beta               vex_delay.asm11-2-2012  01:06:42          PAGE  9


SYMBOL TABLE
  LABEL                             VALUE 

FSR1L                             00000FE1
FSR2L                             00000FD9
PLUSW2                            00000FDB
POSTDEC1                          00000FE5
PREINC1                           00000FE4
PRODL                             00000FF3
STATUS                            00000FD8
_00105_DS_                        00000024
_00108_DS_                        00000058
_00110_DS_                        00000040
_00111_DS_                        00000046
_00115_DS_                        00000034
_00120_DS_                        00000024
_00123_DS_                        00000060
_00125_DS_                        00000040
_00126_DS_                        00000046
_00130_DS_                        00000034
_ADCON0                           00000000
_ADCON0bits                       00000000
_ADCON1                           00000000
_ADCON1bits                       00000000
_ADCON2                           00000000
_ADCON2bits                       00000000
_ADRESH                           00000000
_ADRESL                           00000000
_BSR                              00000000
_CCP1CON                          00000000
_CCP1CONbits                      00000000
_CCP2CON                          00000000
_CCP2CONbits                      00000000
_CCP3CON                          00000000
_CCP3CONbits                      00000000
_CCP4CON                          00000000
_CCP4CONbits                      00000000
_CCP5CON                          00000000
_CCP5CONbits                      00000000
_CCPR1H                           00000000
_CCPR1L                           00000000
_CCPR2H                           00000000
_CCPR2L                           00000000
_CCPR3H                           00000000
_CCPR3L                           00000000
_CCPR4H                           00000000
_CCPR4L                           00000000
_CCPR5H                           00000000
_CCPR5L                           00000000
_CMCON                            00000000
_CMCONbits                        00000000
_CVRCON                           00000000
_CVRCONbits                       00000000
_EEADR                            00000000
_EEADRH                           00000000
_EECON1                           00000000
gpasm-0.13.7 beta               vex_delay.asm11-2-2012  01:06:42          PAGE 10


LOC  OBJECT CODE     LINE SOURCE TEXT
  VALUE
 
_EECON1bits                       00000000
_EECON2                           00000000
_EEDATA                           00000000
_FSR0H                            00000000
_FSR0L                            00000000
_FSR1H                            00000000
_FSR1L                            00000000
_FSR2H                            00000000
_FSR2L                            00000000
_INDF0                            00000000
_INDF1                            00000000
_INDF2                            00000000
_INTCON                           00000000
_INTCON2                          00000000
_INTCON2bits                      00000000
_INTCON3                          00000000
_INTCON3bits                      00000000
_INTCONbits                       00000000
_IPR1                             00000000
_IPR1bits                         00000000
_IPR2                             00000000
_IPR2bits                         00000000
_IPR3                             00000000
_IPR3bits                         00000000
_LATA                             00000000
_LATAbits                         00000000
_LATB                             00000000
_LATBbits                         00000000
_LATC                             00000000
_LATCbits                         00000000
_LATD                             00000000
_LATDbits                         00000000
_LATE                             00000000
_LATEbits                         00000000
_LATF                             00000000
_LATFbits                         00000000
_LATG                             00000000
_LATGbits                         00000000
_LATH                             00000000
_LATHbits                         00000000
_LATJ                             00000000
_LATJbits                         00000000
_LVDCON                           00000000
_LVDCONbits                       00000000
_MEMCON                           00000000
_MEMCONbits                       00000000
_OSCCON                           00000000
_OSCCONbits                       00000000
_PCL                              00000000
_PCLATH                           00000000
_PCLATU                           00000000
_PIE1                             00000000
_PIE1bits                         00000000
_PIE2                             00000000
gpasm-0.13.7 beta               vex_delay.asm11-2-2012  01:06:42          PAGE 11


LOC  OBJECT CODE     LINE SOURCE TEXT
  VALUE
 
_PIE2bits                         00000000
_PIE3                             00000000
_PIE3bits                         00000000
_PIR1                             00000000
_PIR1bits                         00000000
_PIR2                             00000000
_PIR2bits                         00000000
_PIR3                             00000000
_PIR3bits                         00000000
_PLUSW0                           00000000
_PLUSW1                           00000000
_PLUSW2                           00000000
_PORTA                            00000000
_PORTAbits                        00000000
_PORTB                            00000000
_PORTBbits                        00000000
_PORTC                            00000000
_PORTCbits                        00000000
_PORTD                            00000000
_PORTDbits                        00000000
_PORTE                            00000000
_PORTEbits                        00000000
_PORTF                            00000000
_PORTFbits                        00000000
_PORTG                            00000000
_PORTGbits                        00000000
_PORTH                            00000000
_PORTHbits                        00000000
_PORTJ                            00000000
_PORTJbits                        00000000
_POSTDEC0                         00000000
_POSTDEC1                         00000000
_POSTDEC2                         00000000
_POSTINC0                         00000000
_POSTINC1                         00000000
_POSTINC2                         00000000
_PR2                              00000000
_PR4                              00000000
_PREINC0                          00000000
_PREINC1                          00000000
_PREINC2                          00000000
_PRODH                            00000000
_PRODL                            00000000
_PSPCON                           00000000
_PSPCONbits                       00000000
_RCON                             00000000
_RCONbits                         00000000
_RCREG                            00000000
_RCREG1                           00000000
_RCREG2                           00000000
_RCSTA                            00000000
_RCSTA1                           00000000
_RCSTA1bits                       00000000
_RCSTA2                           00000000
gpasm-0.13.7 beta               vex_delay.asm11-2-2012  01:06:42          PAGE 12


LOC  OBJECT CODE     LINE SOURCE TEXT
  VALUE
 
_RCSTA2bits                       00000000
_RCSTAbits                        00000000
_SPBRG                            00000000
_SPBRG1                           00000000
_SPBRG2                           00000000
_SSPADD                           00000000
_SSPBUF                           00000000
_SSPCON1                          00000000
_SSPCON1bits                      00000000
_SSPCON2                          00000000
_SSPCON2bits                      00000000
_SSPSTAT                          00000000
_SSPSTATbits                      00000000
_STATUS                           00000000
_STATUSbits                       00000000
_STKPTR                           00000000
_STKPTRbits                       00000000
_T0CON                            00000000
_T1CON                            00000000
_T1CONbits                        00000000
_T2CON                            00000000
_T2CONbits                        00000000
_T3CON                            00000000
_T3CONbits                        00000000
_T4CON                            00000000
_T4CONbits                        00000000
_TABLAT                           00000000
_TBLPTRH                          00000000
_TBLPTRL                          00000000
_TBLPTRU                          00000000
_TMR0H                            00000000
_TMR0L                            00000000
_TMR1H                            00000000
_TMR1L                            00000000
_TMR2                             00000000
_TMR3H                            00000000
_TMR3L                            00000000
_TMR4                             00000000
_TOSH                             00000000
_TOSL                             00000000
_TOSU                             00000000
_TRISA                            00000000
_TRISAbits                        00000000
_TRISB                            00000000
_TRISBbits                        00000000
_TRISC                            00000000
_TRISCbits                        00000000
_TRISD                            00000000
_TRISDbits                        00000000
_TRISE                            00000000
_TRISEbits                        00000000
_TRISF                            00000000
_TRISFbits                        00000000
_TRISG                            00000000
gpasm-0.13.7 beta               vex_delay.asm11-2-2012  01:06:42          PAGE 13


LOC  OBJECT CODE     LINE SOURCE TEXT
  VALUE
 
_TRISGbits                        00000000
_TRISH                            00000000
_TRISHbits                        00000000
_TRISJ                            00000000
_TRISJbits                        00000000
_TXREG                            00000000
_TXREG1                           00000000
_TXREG2                           00000000
_TXSTA                            00000000
_TXSTA1                           00000000
_TXSTA1bits                       00000000
_TXSTA2                           00000000
_TXSTA2bits                       00000000
_TXSTAbits                        00000000
_WDTCON                           00000000
_WDTCONbits                       00000000
_WREG                             00000000
__18F8520                         00000001
_delay10ktcy                      00000000
_delay1mtcy                       00000000
_delay_msec                       00000000
_delay_sec                        00000000
r0x00                             00000000
r0x01                             00000001
r0x02                             00000002
r0x03                             00000003


Errors   :       0
Warnings :       0 reported,       0 suppressed
Messages :       0 reported,       0 suppressed

